<?xml version="1.0" encoding="UTF-8"?>
<!-- Generated by org.testng.reporters.JUnitReportReporter -->
<testsuite hostname="LAPTOP-3GAIK3G4" failures="0" tests="1" name="testNgConcept.groupsDemo" time="0.019" errors="0" timestamp="2024-05-10T15:37:25 IST" skipped="0">
  <testcase classname="testNgConcept.groupsDemo" name="method2" time="0.019"/>
  <system-out/>
</testsuite> <!-- testNgConcept.groupsDemo -->
