<?xml version="1.0" encoding="UTF-8"?>
<!-- Generated by org.testng.reporters.JUnitReportReporter -->
<testsuite hostname="LAPTOP-3GAIK3G4" failures="0" tests="1" name="testCases.addToCartTestCase" time="31.761" errors="0" timestamp="2024-05-29T18:43:36 IST" skipped="0">
  <testcase classname="testCases.addToCartTestCase" name="verifyAddToCart" time="31.761"/>
  <system-out/>
</testsuite> <!-- testCases.addToCartTestCase -->
