<?xml version="1.0" encoding="UTF-8"?>
<!-- Generated by org.testng.reporters.JUnitReportReporter -->
<testsuite hostname="LAPTOP-3GAIK3G4" failures="0" tests="2" name="testNgConcept.Assettions" time="32.144" errors="0" timestamp="2024-05-11T15:38:22 IST" skipped="0">
  <testcase classname="testNgConcept.Assettions" name="verifyLoginWithInValidData" time="15.664"/>
  <system-out/>
  <testcase classname="testNgConcept.Assettions" name="verifyLoginWithValidData" time="16.480"/>
  <system-out/>
</testsuite> <!-- testNgConcept.Assettions -->
