<?xml version="1.0" encoding="UTF-8"?>
<!-- Generated by org.testng.reporters.JUnitReportReporter -->
<testsuite hostname="LAPTOP-3GAIK3G4" failures="0" tests="1" name="testNgConcept.paramaterization" time="6.017" errors="0" timestamp="2024-05-10T15:20:59 IST" skipped="0">
  <testcase classname="testNgConcept.paramaterization" name="method" time="6.017"/>
  <system-out/>
</testsuite> <!-- testNgConcept.paramaterization -->
