<?xml version="1.0" encoding="UTF-8"?>
<!-- Generated by org.testng.reporters.JUnitReportReporter -->
<testsuite hostname="LAPTOP-3GAIK3G4" failures="0" tests="2" name="testNgConcept.Demo1" time="0.023" errors="0" timestamp="2024-05-10T15:20:59 IST" skipped="0">
  <testcase classname="testNgConcept.Demo1" name="method1" time="0.020"/>
  <system-out/>
  <testcase classname="testNgConcept.Demo1" name="method2" time="0.003"/>
  <system-out/>
</testsuite> <!-- testNgConcept.Demo1 -->
