<?xml version="1.0" encoding="UTF-8"?>
<!-- Generated by org.testng.reporters.JUnitReportReporter -->
<testsuite hostname="LAPTOP-3GAIK3G4" failures="0" tests="3" name="testCases.registerTestCase" time="41.314" errors="0" timestamp="2024-05-19T16:07:22 IST" skipped="0">
  <testcase classname="testCases.registerTestCase" name="verifyRegistrationwithValidData" time="18.633"/>
  <system-out/>
  <testcase classname="testCases.registerTestCase" name="verifyRegistrationwithInValidData" time="11.167"/>
  <system-out/>
  <testcase classname="testCases.registerTestCase" name="verifyRegistrationwithBlankValidData" time="11.514"/>
  <system-out/>
</testsuite> <!-- testCases.registerTestCase -->
