<?xml version="1.0" encoding="UTF-8"?>
<!-- Generated by org.testng.reporters.JUnitReportReporter -->
<testsuite hostname="LAPTOP-3GAIK3G4" failures="0" tests="3" name="testCases.registerTestCase" time="37.839" errors="0" timestamp="2024-06-10T21:50:11 IST" skipped="0">
  <testcase classname="testCases.registerTestCase" name="verifyRegistrationwithValidData" time="12.217"/>
  <system-out/>
  <testcase classname="testCases.registerTestCase" name="verifyRegistrationwithInValidData" time="15.143"/>
  <system-out/>
  <testcase classname="testCases.registerTestCase" name="verifyRegistrationwithBlankValidData" time="10.479"/>
  <system-out/>
</testsuite> <!-- testCases.registerTestCase -->
