<?xml version="1.0" encoding="UTF-8"?>
<!-- Generated by org.testng.reporters.JUnitReportReporter -->
<testsuite hostname="LAPTOP-3GAIK3G4" failures="0" tests="2" name="testNgConcept.dataproviderDemo" time="17.164" errors="0" timestamp="2024-05-10T16:20:22 IST" skipped="0">
  <testcase classname="testNgConcept.dataproviderDemo" name="login" time="9.584"/>
  <system-out/>
  <testcase classname="testNgConcept.dataproviderDemo" name="login" time="7.580"/>
  <system-out/>
</testsuite> <!-- testNgConcept.dataproviderDemo -->
