<?xml version="1.0" encoding="UTF-8"?>
<!-- Generated by org.testng.reporters.JUnitReportReporter -->
<testsuite hostname="LAPTOP-3GAIK3G4" failures="0" tests="3" name="testCases.registerTestCase" time="94.180" errors="0" timestamp="2024-05-20T10:01:49 IST" skipped="0">
  <testcase classname="testCases.registerTestCase" name="verifyRegistrationwithValidData" time="35.273"/>
  <system-out/>
  <testcase classname="testCases.registerTestCase" name="verifyRegistrationwithInValidData" time="40.069"/>
  <system-out/>
  <testcase classname="testCases.registerTestCase" name="verifyRegistrationwithBlankValidData" time="18.838"/>
  <system-out/>
</testsuite> <!-- testCases.registerTestCase -->
