<?xml version="1.0" encoding="UTF-8"?>
<!-- Generated by org.testng.reporters.JUnitReportReporter -->
<testsuite hostname="LAPTOP-3GAIK3G4" failures="0" tests="3" name="testNgConcept.dependeOnDemo" time="0.008" errors="0" timestamp="2024-05-10T15:20:59 IST" skipped="0">
  <testcase classname="testNgConcept.dependeOnDemo" name="method2" time="0.002"/>
  <system-out/>
  <testcase classname="testNgConcept.dependeOnDemo" name="Amethod" time="0.002"/>
  <system-out/>
  <testcase classname="testNgConcept.dependeOnDemo" name="method3" time="0.004"/>
  <system-out/>
</testsuite> <!-- testNgConcept.dependeOnDemo -->
