<?xml version="1.0" encoding="UTF-8"?>
<!-- Generated by org.testng.reporters.JUnitReportReporter -->
<testsuite hostname="LAPTOP-3GAIK3G4" failures="0" tests="1" name="flipkartTest.priceBarFlipKartTest" time="39.349" errors="0" timestamp="2024-05-28T20:56:45 IST" skipped="0">
  <testcase classname="flipkartTest.priceBarFlipKartTest" name="verifyPriceBar" time="39.349"/>
  <system-out/>
</testsuite> <!-- flipkartTest.priceBarFlipKartTest -->
