<?xml version="1.0" encoding="UTF-8"?>
<!-- Generated by org.testng.reporters.JUnitReportReporter -->
<testsuite hostname="LAPTOP-3GAIK3G4" failures="0" tests="3" name="testNgConcept.priorityDemo" time="0.007" errors="0" timestamp="2024-05-10T15:20:59 IST" skipped="0">
  <testcase classname="testNgConcept.priorityDemo" name="method3" time="0.002"/>
  <system-out/>
  <testcase classname="testNgConcept.priorityDemo" name="method1" time="0.003"/>
  <system-out/>
  <testcase classname="testNgConcept.priorityDemo" name="method2" time="0.002"/>
  <system-out/>
</testsuite> <!-- testNgConcept.priorityDemo -->
