<?xml version="1.0" encoding="UTF-8"?>
<!-- Generated by org.testng.reporters.JUnitReportReporter -->
<testsuite hostname="LAPTOP-3GAIK3G4" failures="0" tests="3" name="branchforSonal.logOutTestCase" time="0.032" errors="0" timestamp="2024-07-09T22:20:54 IST" skipped="0">
  <testcase classname="branchforSonal.logOutTestCase" name="method1" time="0.025"/>
  <system-out/>
  <testcase classname="branchforSonal.logOutTestCase" name="method1" time="0.005"/>
  <system-out/>
  <testcase classname="branchforSonal.logOutTestCase" name="method1" time="0.002"/>
  <system-out/>
</testsuite> <!-- branchforSonal.logOutTestCase -->
